#
# There is insufficient memory for the Java Runtime Environment to continue.
# Native memory allocation (malloc) failed to allocate 1048576 bytes for AllocateHeap
# Possible reasons:
#   The system is out of physical RAM or swap space
#   In 32 bit mode, the process size limit was hit
# Possible solutions:
#   Reduce memory load on the system
#   Increase physical memory or swap space
#   Check if swap backing store is full
#   Use 64 bit Java on a 64 bit OS
#   Decrease Java heap size (-Xmx/-Xms)
#   Decrease number of Java threads
#   Decrease Java thread stack sizes (-Xss)
#   Set larger code cache with -XX:ReservedCodeCacheSize=
# This output file may be truncated or incomplete.
#
#  Out of Memory Error (memory/allocation.inline.hpp:61), pid=16580, tid=0x0000000000004ac4
#
# JRE version:  (8.0) (build )
# Java VM: OpenJDK 64-Bit Server VM (25.71-b00 mixed mode windows-amd64 compressed oops)
# Failed to write core dump. Minidumps are not enabled by default on client versions of Windows
#

---------------  T H R E A D  ---------------

Current thread (0x00000000028b3800):  JavaThread "Unknown thread" [_thread_in_vm, id=19140, stack(0x00000000027b0000,0x00000000028b0000)]

Stack: [0x00000000027b0000,0x00000000028b0000]
[error occurred during error reporting (printing stack bounds), id 0xc0000005]

Native frames: (J=compiled Java code, j=interpreted, Vv=VM code, C=native code)


---------------  P R O C E S S  ---------------

Java Threads: ( => current thread )

Other Threads:

=>0x00000000028b3800 (exited) JavaThread "Unknown thread" [_thread_in_vm, id=19140, stack(0x00000000027b0000,0x00000000028b0000)]

VM state:not at safepoint (normal execution)

VM Mutex/Monitor currently owned by a thread: None

Heap:
 PSYoungGen      total 38400K, used 665K [0x00000000d5b80000, 0x00000000d8600000, 0x0000000100000000)
  eden space 33280K, 2% used [0x00000000d5b80000,0x00000000d5c26670,0x00000000d7c00000)
  from space 5120K, 0% used [0x00000000d8100000,0x00000000d8100000,0x00000000d8600000)
  to   space 5120K, 0% used [0x00000000d7c00000,0x00000000d7c00000,0x00000000d8100000)
 ParOldGen       total 87552K, used 0K [0x0000000081200000, 0x0000000086780000, 0x00000000d5b80000)
  object space 87552K, 0% used [0x0000000081200000,0x0000000081200000,0x0000000086780000)
 Metaspace       used 777K, capacity 4480K, committed 4480K, reserved 1056768K
  class space    used 74K, capacity 384K, committed 384K, reserved 1048576K

Card table byte_map: [0x0000000011d70000,0x0000000012170000] byte_map_base: 0x0000000011967000

Marking Bits: (ParMarkBitMap*) 0x000000005315be50
 Begin Bits: [0x0000000012e20000, 0x0000000014dd8000)
 End Bits:   [0x0000000014dd8000, 0x0000000016d90000)

Polling page: 0x0000000000c90000

CodeCache: size=245760Kb used=328Kb max_used=328Kb free=245431Kb
 bounds [0x00000000029b0000, 0x0000000002c20000, 0x00000000119b0000]
 total_blobs=57 nmethods=0 adapters=38
 compilation: enabled

Compilation events (0 events):
No events

GC Heap History (0 events):
No events

Deoptimization events (0 events):
No events

Classes redefined (0 events):
No events

Internal exceptions (0 events):
No events

Events (10 events):
Event: 0.016 loading class java/lang/Short
Event: 0.016 loading class java/lang/Short done
Event: 0.016 loading class java/lang/Integer
Event: 0.016 loading class java/lang/Integer done
Event: 0.016 loading class java/lang/Long
Event: 0.016 loading class java/lang/Long done
Event: 0.016 loading class java/lang/NullPointerException
Event: 0.016 loading class java/lang/NullPointerException done
Event: 0.016 loading class java/lang/ArithmeticException
Event: 0.016 loading class java/lang/ArithmeticException done


Dynamic libraries:
0x00007ff645990000 - 0x00007ff6459c5000 	C:\Program Files\Unity\Hub\Editor\2018.3.12f1\Editor\Data\PlaybackEngines\AndroidPlayer\Tools\OpenJDK\Windows\bin\java.exe
0x00007ff9bd3a0000 - 0x00007ff9bd58d000 	C:\Windows\SYSTEM32\ntdll.dll
0x00007ff9ba7d0000 - 0x00007ff9ba883000 	C:\Windows\System32\KERNEL32.DLL
0x00007ff9b9810000 - 0x00007ff9b9aa3000 	C:\Windows\System32\KERNELBASE.dll
0x00007ff9bcbc0000 - 0x00007ff9bcc63000 	C:\Windows\System32\ADVAPI32.dll
0x00007ff9bcb10000 - 0x00007ff9bcbae000 	C:\Windows\System32\msvcrt.dll
0x00007ff9bcc70000 - 0x00007ff9bcd0e000 	C:\Windows\System32\sechost.dll
0x00007ff9bbde0000 - 0x00007ff9bbf02000 	C:\Windows\System32\RPCRT4.dll
0x00007ff9ba5d0000 - 0x00007ff9ba767000 	C:\Windows\System32\USER32.dll
0x00007ff9b9ae0000 - 0x00007ff9b9b00000 	C:\Windows\System32\win32u.dll
0x00007ff9bcae0000 - 0x00007ff9bcb09000 	C:\Windows\System32\GDI32.dll
0x00007ff9b94d0000 - 0x00007ff9b966a000 	C:\Windows\System32\gdi32full.dll
0x00007ff9b9670000 - 0x00007ff9b9710000 	C:\Windows\System32\msvcp_win.dll
0x00007ff9b9710000 - 0x00007ff9b980a000 	C:\Windows\System32\ucrtbase.dll
0x00007ff9a8550000 - 0x00007ff9a87c9000 	C:\Windows\WinSxS\amd64_microsoft.windows.common-controls_6595b64144ccf1df_6.0.17763.475_none_05b43ca607202c6c\COMCTL32.dll
0x00007ff9bbf10000 - 0x00007ff9bc23c000 	C:\Windows\System32\combase.dll
0x00007ff9ba370000 - 0x00007ff9ba3ee000 	C:\Windows\System32\bcryptPrimitives.dll
0x00007ff9bc380000 - 0x00007ff9bc3ae000 	C:\Windows\System32\IMM32.DLL
0x0000000053700000 - 0x00000000537d2000 	C:\Program Files\Unity\Hub\Editor\2018.3.12f1\Editor\Data\PlaybackEngines\AndroidPlayer\Tools\OpenJDK\Windows\jre\bin\msvcr100.dll
0x0000000052990000 - 0x00000000531d9000 	C:\Program Files\Unity\Hub\Editor\2018.3.12f1\Editor\Data\PlaybackEngines\AndroidPlayer\Tools\OpenJDK\Windows\jre\bin\server\jvm.dll
0x00007ff9bcbb0000 - 0x00007ff9bcbb8000 	C:\Windows\System32\PSAPI.DLL
0x00007ff9aced0000 - 0x00007ff9aced9000 	C:\Windows\SYSTEM32\WSOCK32.dll
0x00007ff9bc3b0000 - 0x00007ff9bc41d000 	C:\Windows\System32\WS2_32.dll
0x00007ff9b47a0000 - 0x00007ff9b47aa000 	C:\Windows\SYSTEM32\VERSION.dll
0x00007ff9b7650000 - 0x00007ff9b7674000 	C:\Windows\SYSTEM32\WINMM.dll
0x00007ff9b7620000 - 0x00007ff9b764d000 	C:\Windows\SYSTEM32\WINMMBASE.dll
0x00007ff9b9bb0000 - 0x00007ff9b9bfa000 	C:\Windows\System32\cfgmgr32.dll
0x00007ff9b5c70000 - 0x00007ff9b5c7f000 	C:\Program Files\Unity\Hub\Editor\2018.3.12f1\Editor\Data\PlaybackEngines\AndroidPlayer\Tools\OpenJDK\Windows\jre\bin\verify.dll
0x00007ff9aa5a0000 - 0x00007ff9aa5c9000 	C:\Program Files\Unity\Hub\Editor\2018.3.12f1\Editor\Data\PlaybackEngines\AndroidPlayer\Tools\OpenJDK\Windows\jre\bin\java.dll
0x00007ff9a7a90000 - 0x00007ff9a7aa6000 	C:\Program Files\Unity\Hub\Editor\2018.3.12f1\Editor\Data\PlaybackEngines\AndroidPlayer\Tools\OpenJDK\Windows\jre\bin\zip.dll

VM Arguments:
jvm_args: -Dcom.android.sdkmanager.toolsdir=C:\Users\Admin\AppData\Local\Android\Sdk\tools\bin\\.. 
java_command: com.android.sdklib.tool.AvdManagerCli list target -c
java_class_path (initial): C:\Users\Admin\AppData\Local\Android\Sdk\tools\bin\..\lib\dvlib-26.0.0-dev.jar;C:\Users\Admin\AppData\Local\Android\Sdk\tools\bin\..\lib\jimfs-1.1.jar;C:\Users\Admin\AppData\Local\Android\Sdk\tools\bin\..\lib\jsr305-1.3.9.jar;C:\Users\Admin\AppData\Local\Android\Sdk\tools\bin\..\lib\repository-26.0.0-dev.jar;C:\Users\Admin\AppData\Local\Android\Sdk\tools\bin\..\lib\j2objc-annotations-1.1.jar;C:\Users\Admin\AppData\Local\Android\Sdk\tools\bin\..\lib\layoutlib-api-26.0.0-dev.jar;C:\Users\Admin\AppData\Local\Android\Sdk\tools\bin\..\lib\gson-2.3.jar;C:\Users\Admin\AppData\Local\Android\Sdk\tools\bin\..\lib\httpcore-4.2.5.jar;C:\Users\Admin\AppData\Local\Android\Sdk\tools\bin\..\lib\commons-logging-1.1.1.jar;C:\Users\Admin\AppData\Local\Android\Sdk\tools\bin\..\lib\commons-compress-1.12.jar;C:\Users\Admin\AppData\Local\Android\Sdk\tools\bin\..\lib\annotations-26.0.0-dev.jar;C:\Users\Admin\AppData\Local\Android\Sdk\tools\bin\..\lib\error_prone_annotations-2.0.18.jar;C:\Users\Admin\AppData\Local\Android\Sdk\tools\bin\..\lib\animal-sniffer-annotations-1.14.jar;C:\Users\Admin\AppData\Local\Android\Sdk\tools\bin\..\lib\httpclient-4.2.6.jar;C:\Users\Admin\AppData\Local\Android\Sdk\tools\bin\..\lib\commons-codec-1.6.jar;C:\Users\Admin\AppData\Local\Android\Sdk\tools\bin\..\lib\common-26.0.0-dev.jar;C:\Users\Admin\AppData\Local\Android\Sdk\tools\bin\..\lib\kxml2-2.3.0.jar;C:\Users\Admin\AppData\Local\Android\Sdk\tools\bin\..\lib\httpmime-4.1.jar;C:\Users\Admin\AppData\Local\Android\Sdk\tools\bin\..\lib\annotations-12.0.jar;C:\Users\Admin\AppData\Local\Android\Sdk\tools\bin\..\lib\sdklib-26.0.0-dev.jar;C:\Users\Admin\AppData\Local\Android\Sdk\tools\bin\..\lib\guava-22.0.jar
Launcher Type: SUN_STANDARD

Environment Variables:
JAVA_HOME=C:\Program Files\Unity\Hub\Editor\2018.3.12f1\Editor\Data\PlaybackEngines\AndroidPlayer/Tools\OpenJDK\Windows
CLASSPATH=C:\Users\Admin\AppData\Local\Android\Sdk\tools\bin\..\lib\dvlib-26.0.0-dev.jar;C:\Users\Admin\AppData\Local\Android\Sdk\tools\bin\..\lib\jimfs-1.1.jar;C:\Users\Admin\AppData\Local\Android\Sdk\tools\bin\..\lib\jsr305-1.3.9.jar;C:\Users\Admin\AppData\Local\Android\Sdk\tools\bin\..\lib\repository-26.0.0-dev.jar;C:\Users\Admin\AppData\Local\Android\Sdk\tools\bin\..\lib\j2objc-annotations-1.1.jar;C:\Users\Admin\AppData\Local\Android\Sdk\tools\bin\..\lib\layoutlib-api-26.0.0-dev.jar;C:\Users\Admin\AppData\Local\Android\Sdk\tools\bin\..\lib\gson-2.3.jar;C:\Users\Admin\AppData\Local\Android\Sdk\tools\bin\..\lib\httpcore-4.2.5.jar;C:\Users\Admin\AppData\Local\Android\Sdk\tools\bin\..\lib\commons-logging-1.1.1.jar;C:\Users\Admin\AppData\Local\Android\Sdk\tools\bin\..\lib\commons-compress-1.12.jar;C:\Users\Admin\AppData\Local\Android\Sdk\tools\bin\..\lib\annotations-26.0.0-dev.jar;C:\Users\Admin\AppData\Local\Android\Sdk\tools\bin\..\lib\error_prone_annotations-2.0.18.jar;C:\Users\Admin\AppData\Local\Android\Sdk\tools\bin\..\lib\animal-sniffer-annotations-1.14.jar;C:\Users\Admin\AppData\Local\Android\Sdk\tools\bin\..\lib\httpclient-4.2.6.jar;C:\Users\Admin\AppData\Local\Android\Sdk\tools\bin\..\lib\commons-codec-1.6.jar;C:\Users\Admin\AppData\Local\Android\Sdk\tools\bin\..\lib\common-26.0.0-dev.jar;C:\Users\Admin\AppData\Local\Android\Sdk\tools\bin\..\lib\kxml2-2.3.0.jar;C:\Users\Admin\AppData\Local\Android\Sdk\tools\bin\..\lib\httpmime-4.1.jar;C:\Users\Admin\AppData\Local\Android\Sdk\tools\bin\..\lib\annotations-12.0.jar;C:\Users\Admin\AppData\Local\Android\Sdk\tools\bin\..\lib\sdklib-26.0.0-dev.jar;C:\Users\Admin\AppData\Local\Android\Sdk\tools\bin\..\lib\guava-22.0.jar
PATH=C:\Program Files (x86)\Common Files\Oracle\Java\javapath;C:\Windows\system32;C:\Windows;C:\Windows\System32\Wbem;C:\Windows\System32\WindowsPowerShell\v1.0\;C:\Windows\System32\OpenSSH\;C:\Program Files\Git\cmd;C:\Program Files\dotnet\;C:\Program Files\Java\jdk1.8.0_191\bin;C:\Program Files\Java\jdk1.8.0_191\jre\bin;C:\Users\Admin\AppData\Local\Android\Sdk\platform-tools;c:\Program Files (x86)\GtkSharp\2.12\bin;C:\Program Files\Common Files\Autodesk Shared\;C:\Program Files (x86)\Autodesk\Backburner\;C:\Users\Admin\AppData\Local\Android\Sdk\tools;C:\Users\Admin\AppData\Local\Microsoft\WindowsApps;d:\Programs\Microsoft VS Code\bin;
USERNAME=Admin
OS=Windows_NT
PROCESSOR_IDENTIFIER=Intel64 Family 6 Model 158 Stepping 10, GenuineIntel



---------------  S Y S T E M  ---------------

OS: Windows 10.0 , 64 bit Build 17763 (10.0.17763.475)

CPU:total 12 (initial active 12) (6 cores per cpu, 2 threads per core) family 6 model 158 stepping 10, cmov, cx8, fxsr, mmx, sse, sse2, sse3, ssse3, sse4.1, sse4.2, popcnt, avx, avx2, aes, clmul, erms, rtm, 3dnowpref, lzcnt, ht, tsc, tscinvbit, bmi1, bmi2, adx

Memory: 4k page, physical 8311160k(582716k free), swap 16699768k(6768k free)

vm_info: OpenJDK 64-Bit Server VM (25.71-b00) for windows-amd64 JRE (1.8.0-adoptopenjdk-_2018_05_19_00_59-b00), built on May 19 2018 01:02:12 by "jenkins" with MS VC++ 10.0 (VS2010)

time: Tue May 14 11:07:23 2019
elapsed time: 0 seconds (0d 0h 0m 0s)

